<?xml version="1.0" encoding="UTF-8"?>
<testsuite name="edu.duke.ece651.teamX.server.WorldParserTest" tests="3" skipped="0" failures="0" errors="0" timestamp="2023-03-11T22:07:29" hostname="vcm-31014.vm.duke.edu" time="0.069">
  <properties/>
  <testcase name="test_world4initter()" classname="edu.duke.ece651.teamX.server.WorldParserTest" time="0.035"/>
  <testcase name="test_world2initter()" classname="edu.duke.ece651.teamX.server.WorldParserTest" time="0.008"/>
  <testcase name="test_world3initter()" classname="edu.duke.ece651.teamX.server.WorldParserTest" time="0.024"/>
  <system-out><![CDATA[{"player_1":[{"territoryName":"BambooForest","soldiers":0,"neighbor":[{"neighbor_0":"edu.duke.ece651.teamX.shared.Territory@338a12cc"},{"neighbor_1":"edu.duke.ece651.teamX.shared.Territory@edb5a353"},{"neighbor_2":"edu.duke.ece651.teamX.shared.Territory@87ca211a"}]},{"territoryName":"DarkForest","soldiers":0,"neighbor":[{"neighbor_0":"edu.duke.ece651.teamX.shared.Territory@338a12cc"},{"neighbor_1":"edu.duke.ece651.teamX.shared.Territory@a426f451"},{"neighbor_2":"edu.duke.ece651.teamX.shared.Territory@92b65766"},{"neighbor_3":"edu.duke.ece651.teamX.shared.Territory@87ca211a"}]},{"territoryName":"LukasTundra","soldiers":0,"neighbor":[{"neighbor_0":"edu.duke.ece651.teamX.shared.Territory@a426f451"},{"neighbor_1":"edu.duke.ece651.teamX.shared.Territory@edb5a353"},{"neighbor_2":"edu.duke.ece651.teamX.shared.Territory@79cea035"},{"neighbor_3":"edu.duke.ece651.teamX.shared.Territory@e94b021e"}]},{"territoryName":"FrozenOcean","soldiers":0,"neighbor":[{"neighbor_0":"edu.duke.ece651.teamX.shared.Territory@87ca211a"},{"neighbor_1":"edu.duke.ece651.teamX.shared.Territory@79cea035"},{"neighbor_2":"edu.duke.ece651.teamX.shared.Territory@dcee331d"}]},{"territoryName":"Plateau","soldiers":0,"neighbor":[{"neighbor_0":"edu.duke.ece651.teamX.shared.Territory@3d17143"},{"neighbor_1":"edu.duke.ece651.teamX.shared.Territory@d2d7e268"},{"neighbor_2":"edu.duke.ece651.teamX.shared.Territory@79cea035"},{"neighbor_3":"edu.duke.ece651.teamX.shared.Territory@dcee331d"}]},{"territoryName":"DesertHills","soldiers":0,"neighbor":[{"neighbor_0":"edu.duke.ece651.teamX.shared.Territory@45cb11aa"},{"neighbor_1":"edu.duke.ece651.teamX.shared.Territory@e94b021e"}]}],"player_0":[{"territoryName":"Desert","soldiers":0,"neighbor":[{"neighbor_0":"edu.duke.ece651.teamX.shared.Territory@92b65766"},{"neighbor_1":"edu.duke.ece651.teamX.shared.Territory@4c930c0"},{"neighbor_2":"edu.duke.ece651.teamX.shared.Territory@3d17143"}]},{"territoryName":"Mountains","soldiers":0,"neighbor":[{"neighbor_0":"edu.duke.ece651.teamX.shared.Territory@79cea035"},{"neighbor_1":"edu.duke.ece651.teamX.shared.Territory@4c930c0"},{"neighbor_2":"edu.duke.ece651.teamX.shared.Territory@4b509ec"}]},{"territoryName":"Swamp","soldiers":0,"neighbor":[{"neighbor_0":"edu.duke.ece651.teamX.shared.Territory@79cea035"},{"neighbor_1":"edu.duke.ece651.teamX.shared.Territory@92b65766"},{"neighbor_2":"edu.duke.ece651.teamX.shared.Territory@4b509ec"},{"neighbor_3":"edu.duke.ece651.teamX.shared.Territory@248a06"},{"neighbor_4":"edu.duke.ece651.teamX.shared.Territory@84eaecdd"},{"neighbor_5":"edu.duke.ece651.teamX.shared.Territory@3d17143"}]},{"territoryName":"Beach","soldiers":0,"neighbor":[{"neighbor_0":"edu.duke.ece651.teamX.shared.Territory@79cea035"},{"neighbor_1":"edu.duke.ece651.teamX.shared.Territory@4c930c0"},{"neighbor_2":"edu.duke.ece651.teamX.shared.Territory@84eaecdd"},{"neighbor_3":"edu.duke.ece651.teamX.shared.Territory@d2d7e268"}]},{"territoryName":"Savanna","soldiers":0,"neighbor":[{"neighbor_0":"edu.duke.ece651.teamX.shared.Territory@3d17143"},{"neighbor_1":"edu.duke.ece651.teamX.shared.Territory@84eaecdd"},{"neighbor_2":"edu.duke.ece651.teamX.shared.Territory@8ea34c09"}]},{"territoryName":"Jungle","soldiers":0,"neighbor":[{"neighbor_0":"edu.duke.ece651.teamX.shared.Territory@3d17143"},{"neighbor_1":"edu.duke.ece651.teamX.shared.Territory@4c930c0"},{"neighbor_2":"edu.duke.ece651.teamX.shared.Territory@248a06"},{"neighbor_3":"edu.duke.ece651.teamX.shared.Territory@7dc4c83d"},{"neighbor_4":"edu.duke.ece651.teamX.shared.Territory@8ea34c09"},{"neighbor_5":"edu.duke.ece651.teamX.shared.Territory@d2d7e268"}]}],"player_3":[{"territoryName":"JinchengTaiga","soldiers":0,"neighbor":[{"neighbor_0":"edu.duke.ece651.teamX.shared.Territory@840e4f23"},{"neighbor_1":"edu.duke.ece651.teamX.shared.Territory@4b509ec"},{"neighbor_2":"edu.duke.ece651.teamX.shared.Territory@a426f451"},{"neighbor_3":"edu.duke.ece651.teamX.shared.Territory@edb5a353"}]},{"territoryName":"Badlands","soldiers":0,"neighbor":[{"neighbor_0":"edu.duke.ece651.teamX.shared.Territory@338a12cc"},{"neighbor_1":"edu.duke.ece651.teamX.shared.Territory@4b509ec"},{"neighbor_2":"edu.duke.ece651.teamX.shared.Territory@8a366c14"}]},{"territoryName":"RussMushroomFields","soldiers":0,"neighbor":[{"neighbor_0":"edu.duke.ece651.teamX.shared.Territory@840e4f23"},{"neighbor_1":"edu.duke.ece651.teamX.shared.Territory@3a9f2350"},{"neighbor_2":"edu.duke.ece651.teamX.shared.Territory@2405af"}]},{"territoryName":"XinmengOcean","soldiers":0,"neighbor":[{"neighbor_0":"edu.duke.ece651.teamX.shared.Territory@8a366c14"},{"neighbor_1":"edu.duke.ece651.teamX.shared.Territory@2405af"},{"neighbor_2":"edu.duke.ece651.teamX.shared.Territory@5d2b33cd"}]},{"territoryName":"SnowyBeach","soldiers":0,"neighbor":[{"neighbor_0":"edu.duke.ece651.teamX.shared.Territory@3a9f2350"},{"neighbor_1":"edu.duke.ece651.teamX.shared.Territory@ee1f932"}]},{"territoryName":"ZhouCaves","soldiers":0,"neighbor":[{"neighbor_0":"edu.duke.ece651.teamX.shared.Territory@5d2b33cd"},{"neighbor_1":"edu.duke.ece651.teamX.shared.Territory@2405af"},{"neighbor_2":"edu.duke.ece651.teamX.shared.Territory@7dc4c83d"},{"neighbor_3":"edu.duke.ece651.teamX.shared.Territory@d7f7e147"}]}],"player_2":[{"territoryName":"Plains","soldiers":0,"neighbor":[{"neighbor_0":"edu.duke.ece651.teamX.shared.Territory@d2d7e268"},{"neighbor_1":"edu.duke.ece651.teamX.shared.Territory@84eaecdd"},{"neighbor_2":"edu.duke.ece651.teamX.shared.Territory@7dc4c83d"},{"neighbor_3":"edu.duke.ece651.teamX.shared.Territory@d7f7e147"}]},{"territoryName":"RockyCliffs","soldiers":0,"neighbor":[{"neighbor_0":"edu.duke.ece651.teamX.shared.Territory@8ea34c09"},{"neighbor_1":"edu.duke.ece651.teamX.shared.Territory@7dc4c83d"}]},{"territoryName":"Forest","soldiers":0,"neighbor":[{"neighbor_0":"edu.duke.ece651.teamX.shared.Territory@84eaecdd"},{"neighbor_1":"edu.duke.ece651.teamX.shared.Territory@248a06"},{"neighbor_2":"edu.duke.ece651.teamX.shared.Territory@2405af"},{"neighbor_3":"edu.duke.ece651.teamX.shared.Territory@d7f7e147"},{"neighbor_4":"edu.duke.ece651.teamX.shared.Territory@8ea34c09"}]},{"territoryName":"Mesa","soldiers":0,"neighbor":[{"neighbor_0":"edu.duke.ece651.teamX.shared.Territory@4c930c0"},{"neighbor_1":"edu.duke.ece651.teamX.shared.Territory@4b509ec"},{"neighbor_2":"edu.duke.ece651.teamX.shared.Territory@2405af"},{"neighbor_3":"edu.duke.ece651.teamX.shared.Territory@7dc4c83d"},{"neighbor_4":"edu.duke.ece651.teamX.shared.Territory@84eaecdd"}]},{"territoryName":"Lake","soldiers":0,"neighbor":[{"neighbor_0":"edu.duke.ece651.teamX.shared.Territory@7dc4c83d"},{"neighbor_1":"edu.duke.ece651.teamX.shared.Territory@248a06"},{"neighbor_2":"edu.duke.ece651.teamX.shared.Territory@4b509ec"}]},{"territoryName":"River","soldiers":0,"neighbor":[{"neighbor_0":"edu.duke.ece651.teamX.shared.Territory@92b65766"},{"neighbor_1":"edu.duke.ece651.teamX.shared.Territory@4c930c0"},{"neighbor_2":"edu.duke.ece651.teamX.shared.Territory@248a06"},{"neighbor_3":"edu.duke.ece651.teamX.shared.Territory@2405af"}]}]}
{"player_1":[{"territoryName":"Plains","soldiers":0,"neighbor":[{"neighbor_0":"edu.duke.ece651.teamX.shared.Territory@d2d7e268"},{"neighbor_1":"edu.duke.ece651.teamX.shared.Territory@84eaecdd"},{"neighbor_2":"edu.duke.ece651.teamX.shared.Territory@7dc4c83d"},{"neighbor_3":"edu.duke.ece651.teamX.shared.Territory@d7f7e147"}]},{"territoryName":"RockyCliffs","soldiers":0,"neighbor":[{"neighbor_0":"edu.duke.ece651.teamX.shared.Territory@8ea34c09"},{"neighbor_1":"edu.duke.ece651.teamX.shared.Territory@7dc4c83d"}]},{"territoryName":"Forest","soldiers":0,"neighbor":[{"neighbor_0":"edu.duke.ece651.teamX.shared.Territory@84eaecdd"},{"neighbor_1":"edu.duke.ece651.teamX.shared.Territory@248a06"},{"neighbor_2":"edu.duke.ece651.teamX.shared.Territory@2405af"},{"neighbor_3":"edu.duke.ece651.teamX.shared.Territory@d7f7e147"},{"neighbor_4":"edu.duke.ece651.teamX.shared.Territory@8ea34c09"}]},{"territoryName":"Mesa","soldiers":0,"neighbor":[{"neighbor_0":"edu.duke.ece651.teamX.shared.Territory@4c930c0"},{"neighbor_1":"edu.duke.ece651.teamX.shared.Territory@4b509ec"},{"neighbor_2":"edu.duke.ece651.teamX.shared.Territory@2405af"},{"neighbor_3":"edu.duke.ece651.teamX.shared.Territory@7dc4c83d"},{"neighbor_4":"edu.duke.ece651.teamX.shared.Territory@84eaecdd"}]},{"territoryName":"Lake","soldiers":0,"neighbor":[{"neighbor_0":"edu.duke.ece651.teamX.shared.Territory@7dc4c83d"},{"neighbor_1":"edu.duke.ece651.teamX.shared.Territory@248a06"},{"neighbor_2":"edu.duke.ece651.teamX.shared.Territory@4b509ec"}]},{"territoryName":"River","soldiers":0,"neighbor":[{"neighbor_0":"edu.duke.ece651.teamX.shared.Territory@92b65766"},{"neighbor_1":"edu.duke.ece651.teamX.shared.Territory@4c930c0"},{"neighbor_2":"edu.duke.ece651.teamX.shared.Territory@248a06"},{"neighbor_3":"edu.duke.ece651.teamX.shared.Territory@2405af"}]},{"territoryName":"JinchengTaiga","soldiers":0,"neighbor":[{"neighbor_0":"edu.duke.ece651.teamX.shared.Territory@840e4f23"},{"neighbor_1":"edu.duke.ece651.teamX.shared.Territory@4b509ec"},{"neighbor_2":"edu.duke.ece651.teamX.shared.Territory@a426f451"},{"neighbor_3":"edu.duke.ece651.teamX.shared.Territory@edb5a353"}]},{"territoryName":"Badlands","soldiers":0,"neighbor":[{"neighbor_0":"edu.duke.ece651.teamX.shared.Territory@338a12cc"},{"neighbor_1":"edu.duke.ece651.teamX.shared.Territory@4b509ec"},{"neighbor_2":"edu.duke.ece651.teamX.shared.Territory@8a366c14"}]},{"territoryName":"RussMushroomFields","soldiers":0,"neighbor":[{"neighbor_0":"edu.duke.ece651.teamX.shared.Territory@840e4f23"},{"neighbor_1":"edu.duke.ece651.teamX.shared.Territory@3a9f2350"},{"neighbor_2":"edu.duke.ece651.teamX.shared.Territory@2405af"}]},{"territoryName":"XinmengOcean","soldiers":0,"neighbor":[{"neighbor_0":"edu.duke.ece651.teamX.shared.Territory@8a366c14"},{"neighbor_1":"edu.duke.ece651.teamX.shared.Territory@2405af"},{"neighbor_2":"edu.duke.ece651.teamX.shared.Territory@5d2b33cd"}]},{"territoryName":"SnowyBeach","soldiers":0,"neighbor":[{"neighbor_0":"edu.duke.ece651.teamX.shared.Territory@3a9f2350"},{"neighbor_1":"edu.duke.ece651.teamX.shared.Territory@ee1f932"}]},{"territoryName":"ZhouCaves","soldiers":0,"neighbor":[{"neighbor_0":"edu.duke.ece651.teamX.shared.Territory@5d2b33cd"},{"neighbor_1":"edu.duke.ece651.teamX.shared.Territory@2405af"},{"neighbor_2":"edu.duke.ece651.teamX.shared.Territory@7dc4c83d"},{"neighbor_3":"edu.duke.ece651.teamX.shared.Territory@d7f7e147"}]}],"player_0":[{"territoryName":"Desert","soldiers":0,"neighbor":[{"neighbor_0":"edu.duke.ece651.teamX.shared.Territory@92b65766"},{"neighbor_1":"edu.duke.ece651.teamX.shared.Territory@4c930c0"},{"neighbor_2":"edu.duke.ece651.teamX.shared.Territory@3d17143"}]},{"territoryName":"Mountains","soldiers":0,"neighbor":[{"neighbor_0":"edu.duke.ece651.teamX.shared.Territory@79cea035"},{"neighbor_1":"edu.duke.ece651.teamX.shared.Territory@4c930c0"},{"neighbor_2":"edu.duke.ece651.teamX.shared.Territory@4b509ec"}]},{"territoryName":"Swamp","soldiers":0,"neighbor":[{"neighbor_0":"edu.duke.ece651.teamX.shared.Territory@79cea035"},{"neighbor_1":"edu.duke.ece651.teamX.shared.Territory@92b65766"},{"neighbor_2":"edu.duke.ece651.teamX.shared.Territory@4b509ec"},{"neighbor_3":"edu.duke.ece651.teamX.shared.Territory@248a06"},{"neighbor_4":"edu.duke.ece651.teamX.shared.Territory@84eaecdd"},{"neighbor_5":"edu.duke.ece651.teamX.shared.Territory@3d17143"}]},{"territoryName":"Beach","soldiers":0,"neighbor":[{"neighbor_0":"edu.duke.ece651.teamX.shared.Territory@79cea035"},{"neighbor_1":"edu.duke.ece651.teamX.shared.Territory@4c930c0"},{"neighbor_2":"edu.duke.ece651.teamX.shared.Territory@84eaecdd"},{"neighbor_3":"edu.duke.ece651.teamX.shared.Territory@d2d7e268"}]},{"territoryName":"Savanna","soldiers":0,"neighbor":[{"neighbor_0":"edu.duke.ece651.teamX.shared.Territory@3d17143"},{"neighbor_1":"edu.duke.ece651.teamX.shared.Territory@84eaecdd"},{"neighbor_2":"edu.duke.ece651.teamX.shared.Territory@8ea34c09"}]},{"territoryName":"Jungle","soldiers":0,"neighbor":[{"neighbor_0":"edu.duke.ece651.teamX.shared.Territory@3d17143"},{"neighbor_1":"edu.duke.ece651.teamX.shared.Territory@4c930c0"},{"neighbor_2":"edu.duke.ece651.teamX.shared.Territory@248a06"},{"neighbor_3":"edu.duke.ece651.teamX.shared.Territory@7dc4c83d"},{"neighbor_4":"edu.duke.ece651.teamX.shared.Territory@8ea34c09"},{"neighbor_5":"edu.duke.ece651.teamX.shared.Territory@d2d7e268"}]},{"territoryName":"BambooForest","soldiers":0,"neighbor":[{"neighbor_0":"edu.duke.ece651.teamX.shared.Territory@338a12cc"},{"neighbor_1":"edu.duke.ece651.teamX.shared.Territory@edb5a353"},{"neighbor_2":"edu.duke.ece651.teamX.shared.Territory@87ca211a"}]},{"territoryName":"DarkForest","soldiers":0,"neighbor":[{"neighbor_0":"edu.duke.ece651.teamX.shared.Territory@338a12cc"},{"neighbor_1":"edu.duke.ece651.teamX.shared.Territory@a426f451"},{"neighbor_2":"edu.duke.ece651.teamX.shared.Territory@92b65766"},{"neighbor_3":"edu.duke.ece651.teamX.shared.Territory@87ca211a"}]},{"territoryName":"LukasTundra","soldiers":0,"neighbor":[{"neighbor_0":"edu.duke.ece651.teamX.shared.Territory@a426f451"},{"neighbor_1":"edu.duke.ece651.teamX.shared.Territory@edb5a353"},{"neighbor_2":"edu.duke.ece651.teamX.shared.Territory@79cea035"},{"neighbor_3":"edu.duke.ece651.teamX.shared.Territory@e94b021e"}]},{"territoryName":"FrozenOcean","soldiers":0,"neighbor":[{"neighbor_0":"edu.duke.ece651.teamX.shared.Territory@87ca211a"},{"neighbor_1":"edu.duke.ece651.teamX.shared.Territory@79cea035"},{"neighbor_2":"edu.duke.ece651.teamX.shared.Territory@dcee331d"}]},{"territoryName":"Plateau","soldiers":0,"neighbor":[{"neighbor_0":"edu.duke.ece651.teamX.shared.Territory@3d17143"},{"neighbor_1":"edu.duke.ece651.teamX.shared.Territory@d2d7e268"},{"neighbor_2":"edu.duke.ece651.teamX.shared.Territory@79cea035"},{"neighbor_3":"edu.duke.ece651.teamX.shared.Territory@dcee331d"}]},{"territoryName":"DesertHills","soldiers":0,"neighbor":[{"neighbor_0":"edu.duke.ece651.teamX.shared.Territory@45cb11aa"},{"neighbor_1":"edu.duke.ece651.teamX.shared.Territory@e94b021e"}]}]}
{"player_1":[{"territoryName":"LukasTundra","soldiers":0,"neighbor":[{"neighbor_0":"edu.duke.ece651.teamX.shared.Territory@a426f451"},{"neighbor_1":"edu.duke.ece651.teamX.shared.Territory@edb5a353"},{"neighbor_2":"edu.duke.ece651.teamX.shared.Territory@79cea035"},{"neighbor_3":"edu.duke.ece651.teamX.shared.Territory@e94b021e"}]},{"territoryName":"FrozenOcean","soldiers":0,"neighbor":[{"neighbor_0":"edu.duke.ece651.teamX.shared.Territory@87ca211a"},{"neighbor_1":"edu.duke.ece651.teamX.shared.Territory@79cea035"},{"neighbor_2":"edu.duke.ece651.teamX.shared.Territory@dcee331d"}]},{"territoryName":"Plateau","soldiers":0,"neighbor":[{"neighbor_0":"edu.duke.ece651.teamX.shared.Territory@3d17143"},{"neighbor_1":"edu.duke.ece651.teamX.shared.Territory@d2d7e268"},{"neighbor_2":"edu.duke.ece651.teamX.shared.Territory@79cea035"},{"neighbor_3":"edu.duke.ece651.teamX.shared.Territory@dcee331d"}]},{"territoryName":"DesertHills","soldiers":0,"neighbor":[{"neighbor_0":"edu.duke.ece651.teamX.shared.Territory@45cb11aa"},{"neighbor_1":"edu.duke.ece651.teamX.shared.Territory@e94b021e"}]},{"territoryName":"Plains","soldiers":0,"neighbor":[{"neighbor_0":"edu.duke.ece651.teamX.shared.Territory@d2d7e268"},{"neighbor_1":"edu.duke.ece651.teamX.shared.Territory@84eaecdd"},{"neighbor_2":"edu.duke.ece651.teamX.shared.Territory@7dc4c83d"},{"neighbor_3":"edu.duke.ece651.teamX.shared.Territory@d7f7e147"}]},{"territoryName":"RockyCliffs","soldiers":0,"neighbor":[{"neighbor_0":"edu.duke.ece651.teamX.shared.Territory@8ea34c09"},{"neighbor_1":"edu.duke.ece651.teamX.shared.Territory@7dc4c83d"}]},{"territoryName":"Forest","soldiers":0,"neighbor":[{"neighbor_0":"edu.duke.ece651.teamX.shared.Territory@84eaecdd"},{"neighbor_1":"edu.duke.ece651.teamX.shared.Territory@248a06"},{"neighbor_2":"edu.duke.ece651.teamX.shared.Territory@2405af"},{"neighbor_3":"edu.duke.ece651.teamX.shared.Territory@d7f7e147"},{"neighbor_4":"edu.duke.ece651.teamX.shared.Territory@8ea34c09"}]},{"territoryName":"Mesa","soldiers":0,"neighbor":[{"neighbor_0":"edu.duke.ece651.teamX.shared.Territory@4c930c0"},{"neighbor_1":"edu.duke.ece651.teamX.shared.Territory@4b509ec"},{"neighbor_2":"edu.duke.ece651.teamX.shared.Territory@2405af"},{"neighbor_3":"edu.duke.ece651.teamX.shared.Territory@7dc4c83d"},{"neighbor_4":"edu.duke.ece651.teamX.shared.Territory@84eaecdd"}]}],"player_0":[{"territoryName":"Desert","soldiers":0,"neighbor":[{"neighbor_0":"edu.duke.ece651.teamX.shared.Territory@92b65766"},{"neighbor_1":"edu.duke.ece651.teamX.shared.Territory@4c930c0"},{"neighbor_2":"edu.duke.ece651.teamX.shared.Territory@3d17143"}]},{"territoryName":"Mountains","soldiers":0,"neighbor":[{"neighbor_0":"edu.duke.ece651.teamX.shared.Territory@79cea035"},{"neighbor_1":"edu.duke.ece651.teamX.shared.Territory@4c930c0"},{"neighbor_2":"edu.duke.ece651.teamX.shared.Territory@4b509ec"}]},{"territoryName":"Swamp","soldiers":0,"neighbor":[{"neighbor_0":"edu.duke.ece651.teamX.shared.Territory@79cea035"},{"neighbor_1":"edu.duke.ece651.teamX.shared.Territory@92b65766"},{"neighbor_2":"edu.duke.ece651.teamX.shared.Territory@4b509ec"},{"neighbor_3":"edu.duke.ece651.teamX.shared.Territory@248a06"},{"neighbor_4":"edu.duke.ece651.teamX.shared.Territory@84eaecdd"},{"neighbor_5":"edu.duke.ece651.teamX.shared.Territory@3d17143"}]},{"territoryName":"Beach","soldiers":0,"neighbor":[{"neighbor_0":"edu.duke.ece651.teamX.shared.Territory@79cea035"},{"neighbor_1":"edu.duke.ece651.teamX.shared.Territory@4c930c0"},{"neighbor_2":"edu.duke.ece651.teamX.shared.Territory@84eaecdd"},{"neighbor_3":"edu.duke.ece651.teamX.shared.Territory@d2d7e268"}]},{"territoryName":"Savanna","soldiers":0,"neighbor":[{"neighbor_0":"edu.duke.ece651.teamX.shared.Territory@3d17143"},{"neighbor_1":"edu.duke.ece651.teamX.shared.Territory@84eaecdd"},{"neighbor_2":"edu.duke.ece651.teamX.shared.Territory@8ea34c09"}]},{"territoryName":"Jungle","soldiers":0,"neighbor":[{"neighbor_0":"edu.duke.ece651.teamX.shared.Territory@3d17143"},{"neighbor_1":"edu.duke.ece651.teamX.shared.Territory@4c930c0"},{"neighbor_2":"edu.duke.ece651.teamX.shared.Territory@248a06"},{"neighbor_3":"edu.duke.ece651.teamX.shared.Territory@7dc4c83d"},{"neighbor_4":"edu.duke.ece651.teamX.shared.Territory@8ea34c09"},{"neighbor_5":"edu.duke.ece651.teamX.shared.Territory@d2d7e268"}]},{"territoryName":"BambooForest","soldiers":0,"neighbor":[{"neighbor_0":"edu.duke.ece651.teamX.shared.Territory@338a12cc"},{"neighbor_1":"edu.duke.ece651.teamX.shared.Territory@edb5a353"},{"neighbor_2":"edu.duke.ece651.teamX.shared.Territory@87ca211a"}]},{"territoryName":"DarkForest","soldiers":0,"neighbor":[{"neighbor_0":"edu.duke.ece651.teamX.shared.Territory@338a12cc"},{"neighbor_1":"edu.duke.ece651.teamX.shared.Territory@a426f451"},{"neighbor_2":"edu.duke.ece651.teamX.shared.Territory@92b65766"},{"neighbor_3":"edu.duke.ece651.teamX.shared.Territory@87ca211a"}]}],"player_2":[{"territoryName":"Lake","soldiers":0,"neighbor":[{"neighbor_0":"edu.duke.ece651.teamX.shared.Territory@7dc4c83d"},{"neighbor_1":"edu.duke.ece651.teamX.shared.Territory@248a06"},{"neighbor_2":"edu.duke.ece651.teamX.shared.Territory@4b509ec"}]},{"territoryName":"River","soldiers":0,"neighbor":[{"neighbor_0":"edu.duke.ece651.teamX.shared.Territory@92b65766"},{"neighbor_1":"edu.duke.ece651.teamX.shared.Territory@4c930c0"},{"neighbor_2":"edu.duke.ece651.teamX.shared.Territory@248a06"},{"neighbor_3":"edu.duke.ece651.teamX.shared.Territory@2405af"}]},{"territoryName":"JinchengTaiga","soldiers":0,"neighbor":[{"neighbor_0":"edu.duke.ece651.teamX.shared.Territory@840e4f23"},{"neighbor_1":"edu.duke.ece651.teamX.shared.Territory@4b509ec"},{"neighbor_2":"edu.duke.ece651.teamX.shared.Territory@a426f451"},{"neighbor_3":"edu.duke.ece651.teamX.shared.Territory@edb5a353"}]},{"territoryName":"Badlands","soldiers":0,"neighbor":[{"neighbor_0":"edu.duke.ece651.teamX.shared.Territory@338a12cc"},{"neighbor_1":"edu.duke.ece651.teamX.shared.Territory@4b509ec"},{"neighbor_2":"edu.duke.ece651.teamX.shared.Territory@8a366c14"}]},{"territoryName":"RussMushroomFields","soldiers":0,"neighbor":[{"neighbor_0":"edu.duke.ece651.teamX.shared.Territory@840e4f23"},{"neighbor_1":"edu.duke.ece651.teamX.shared.Territory@3a9f2350"},{"neighbor_2":"edu.duke.ece651.teamX.shared.Territory@2405af"}]},{"territoryName":"XinmengOcean","soldiers":0,"neighbor":[{"neighbor_0":"edu.duke.ece651.teamX.shared.Territory@8a366c14"},{"neighbor_1":"edu.duke.ece651.teamX.shared.Territory@2405af"},{"neighbor_2":"edu.duke.ece651.teamX.shared.Territory@5d2b33cd"}]},{"territoryName":"SnowyBeach","soldiers":0,"neighbor":[{"neighbor_0":"edu.duke.ece651.teamX.shared.Territory@3a9f2350"},{"neighbor_1":"edu.duke.ece651.teamX.shared.Territory@ee1f932"}]},{"territoryName":"ZhouCaves","soldiers":0,"neighbor":[{"neighbor_0":"edu.duke.ece651.teamX.shared.Territory@5d2b33cd"},{"neighbor_1":"edu.duke.ece651.teamX.shared.Territory@2405af"},{"neighbor_2":"edu.duke.ece651.teamX.shared.Territory@7dc4c83d"},{"neighbor_3":"edu.duke.ece651.teamX.shared.Territory@d7f7e147"}]}]}
]]></system-out>
  <system-err><![CDATA[]]></system-err>
</testsuite>
