<?xml version="1.0" encoding="UTF-8"?>
<testsuite name="edu.duke.ece651.teamX.shared.PlayerTest" tests="1" skipped="0" failures="0" errors="0" timestamp="2023-03-11T22:22:35" hostname="vcm-31014.vm.duke.edu" time="0.004">
  <properties/>
  <testcase name="test_PlayerBasic()" classname="edu.duke.ece651.teamX.shared.PlayerTest" time="0.004"/>
  <system-out><![CDATA[]]></system-out>
  <system-err><![CDATA[]]></system-err>
</testsuite>
