<?xml version="1.0" encoding="UTF-8"?>
<testsuite name="edu.duke.ece651.teamX.shared.CommunicateTest" tests="1" skipped="0" failures="0" errors="0" timestamp="2023-03-11T22:22:34" hostname="vcm-31014.vm.duke.edu" time="0.061">
  <properties/>
  <testcase name="send_receive_Map()" classname="edu.duke.ece651.teamX.shared.CommunicateTest" time="0.061"/>
  <system-out><![CDATA[]]></system-out>
  <system-err><![CDATA[]]></system-err>
</testsuite>
