<?xml version="1.0" encoding="UTF-8"?>
<testsuite name="edu.duke.ece651.teamX.shared.MapTest" tests="2" skipped="0" failures="0" errors="0" timestamp="2023-03-11T22:22:35" hostname="vcm-31014.vm.duke.edu" time="0.017">
  <properties/>
  <testcase name="test_MapBasics()" classname="edu.duke.ece651.teamX.shared.MapTest" time="0.006"/>
  <testcase name="test_setOwner()" classname="edu.duke.ece651.teamX.shared.MapTest" time="0.009"/>
  <system-out><![CDATA[]]></system-out>
  <system-err><![CDATA[]]></system-err>
</testsuite>
