<?xml version="1.0" encoding="UTF-8"?>
<testsuite name="edu.duke.ece651.teamX.shared.MyFormatterTest" tests="2" skipped="0" failures="0" errors="0" timestamp="2023-03-11T22:22:35" hostname="vcm-31014.vm.duke.edu" time="0.02">
  <properties/>
  <testcase name="test_Formater()" classname="edu.duke.ece651.teamX.shared.MyFormatterTest" time="0.015"/>
  <testcase name="test_mapCompose()" classname="edu.duke.ece651.teamX.shared.MyFormatterTest" time="0.004"/>
  <system-out><![CDATA[--------Test Map--------
{"player_1":[],"player_0":[{"territoryName":"A","soldiers":3,"neighbor":[{"neighbor_0":"edu.duke.ece651.teamX.shared.Territory@42"},{"neighbor_1":"edu.duke.ece651.teamX.shared.Territory@44"}]}]}
]]></system-out>
  <system-err><![CDATA[]]></system-err>
</testsuite>
